2025-03-05 18:57:36,834 - INFO - Aggregating results for dummy.pdf
2025-03-05 18:57:36,836 - INFO - Found 1 metadata files
2025-03-05 18:57:36,836 - INFO - Aggregating results for dummy
2025-03-05 18:57:36,836 - INFO - Aggregation complete. Results saved in /var/folders/4x/bdr52w7s5r9b7h4p4ch3nnkc0000gn/T/tmp3l5o4vqb/pre_agr
2025-03-05 18:57:36,837 - INFO - Reorganization complete. Final results saved in /var/folders/4x/bdr52w7s5r9b7h4p4ch3nnkc0000gn/T/tmp3l5o4vqb/final_agr
2025-03-05 18:59:55,486 - INFO - Aggregating results for dummy.pdf
2025-03-05 18:59:55,489 - INFO - Found 1 metadata files
2025-03-05 18:59:55,489 - INFO - Aggregating results for dummy
2025-03-05 18:59:55,489 - INFO - Aggregation complete. Results saved in /var/folders/4x/bdr52w7s5r9b7h4p4ch3nnkc0000gn/T/tmp0qxunv7e/pre_agr
2025-03-05 18:59:55,490 - INFO - Reorganization complete. Final results saved in /var/folders/4x/bdr52w7s5r9b7h4p4ch3nnkc0000gn/T/tmp0qxunv7e/final_agr
2025-03-05 19:03:43,836 - INFO - Aggregating results for dummy.pdf
2025-03-05 19:03:43,838 - INFO - Found 1 metadata files
2025-03-05 19:03:43,838 - INFO - Aggregating results for dummy
2025-03-05 19:03:43,838 - INFO - Aggregation complete. Results saved in /var/folders/4x/bdr52w7s5r9b7h4p4ch3nnkc0000gn/T/tmpcwx_tj50/pre_agr
2025-03-05 19:03:43,839 - INFO - Reorganization complete. Final results saved in /var/folders/4x/bdr52w7s5r9b7h4p4ch3nnkc0000gn/T/tmpcwx_tj50/final_agr
2025-03-08 09:54:03,796 - INFO - Aggregating results for dummy.pdf
2025-03-08 09:54:03,798 - INFO - Found 1 metadata files
2025-03-08 09:54:03,798 - INFO - Aggregating results for dummy
2025-03-08 09:54:03,798 - INFO - Aggregation complete. Results saved in /var/folders/4x/bdr52w7s5r9b7h4p4ch3nnkc0000gn/T/tmpdghi95ol/pre_agr
2025-03-08 09:54:03,799 - INFO - Reorganization complete. Final results saved in /var/folders/4x/bdr52w7s5r9b7h4p4ch3nnkc0000gn/T/tmpdghi95ol/final_agr
2025-03-08 10:05:17,308 - INFO - Aggregating results for dummy.pdf
2025-03-08 10:05:17,310 - INFO - Found 1 metadata files
2025-03-08 10:05:17,310 - INFO - Aggregating results for dummy
2025-03-08 10:05:17,310 - INFO - Aggregation complete. Results saved in /var/folders/4x/bdr52w7s5r9b7h4p4ch3nnkc0000gn/T/tmpz7zjzwjq/pre_agr
2025-03-08 10:05:17,311 - INFO - Reorganization complete. Final results saved in /var/folders/4x/bdr52w7s5r9b7h4p4ch3nnkc0000gn/T/tmpz7zjzwjq/final_agr
